mode: set
adammathes.com/neko/crawler/crawler.go:16.14,21.16 4 1
adammathes.com/neko/crawler/crawler.go:21.16,23.3 1 0
adammathes.com/neko/crawler/crawler.go:25.2,25.36 1 1
adammathes.com/neko/crawler/crawler.go:25.36,28.3 2 1
adammathes.com/neko/crawler/crawler.go:30.2,30.26 1 1
adammathes.com/neko/crawler/crawler.go:30.26,33.3 2 1
adammathes.com/neko/crawler/crawler.go:34.2,36.34 2 1
adammathes.com/neko/crawler/crawler.go:36.34,38.3 1 1
adammathes.com/neko/crawler/crawler.go:39.2,39.16 1 1
adammathes.com/neko/crawler/crawler.go:42.66,44.23 1 1
adammathes.com/neko/crawler/crawler.go:44.23,48.3 3 1
adammathes.com/neko/crawler/crawler.go:54.44,66.16 3 1
adammathes.com/neko/crawler/crawler.go:66.16,68.3 1 0
adammathes.com/neko/crawler/crawler.go:70.2,74.16 4 1
adammathes.com/neko/crawler/crawler.go:74.16,76.3 1 1
adammathes.com/neko/crawler/crawler.go:78.2,78.17 1 1
adammathes.com/neko/crawler/crawler.go:78.17,79.16 1 1
adammathes.com/neko/crawler/crawler.go:79.16,81.17 2 1
adammathes.com/neko/crawler/crawler.go:81.17,83.5 1 0
adammathes.com/neko/crawler/crawler.go:87.2,87.53 1 1
adammathes.com/neko/crawler/crawler.go:87.53,89.3 1 1
adammathes.com/neko/crawler/crawler.go:91.2,92.16 2 1
adammathes.com/neko/crawler/crawler.go:92.16,94.3 1 0
adammathes.com/neko/crawler/crawler.go:95.2,95.26 1 1
adammathes.com/neko/crawler/crawler.go:101.48,112.16 6 1
adammathes.com/neko/crawler/crawler.go:112.16,116.3 3 1
adammathes.com/neko/crawler/crawler.go:118.2,122.31 4 1
adammathes.com/neko/crawler/crawler.go:122.31,129.45 6 1
adammathes.com/neko/crawler/crawler.go:129.45,131.4 1 0
adammathes.com/neko/crawler/crawler.go:135.3,137.9 3 1
adammathes.com/neko/crawler/crawler.go:137.9,139.4 1 0
adammathes.com/neko/crawler/crawler.go:140.3,140.43 1 1
adammathes.com/neko/crawler/crawler.go:140.43,142.4 1 0
adammathes.com/neko/crawler/crawler.go:144.3,144.31 1 1
adammathes.com/neko/crawler/crawler.go:144.31,146.4 1 1
adammathes.com/neko/crawler/crawler.go:146.9,148.4 1 1
adammathes.com/neko/crawler/crawler.go:150.3,152.17 3 1
adammathes.com/neko/crawler/crawler.go:152.17,154.4 1 0
adammathes.com/neko/crawler/crawler.go:159.2,159.46 1 1
