mode: set
adammathes.com/neko/models/feed/feed.go:27.32,30.16 3 1
adammathes.com/neko/models/feed/feed.go:30.16,32.3 1 0
adammathes.com/neko/models/feed/feed.go:33.2,34.16 2 1
adammathes.com/neko/models/feed/feed.go:34.16,36.3 1 1
adammathes.com/neko/models/feed/feed.go:37.2,37.12 1 1
adammathes.com/neko/models/feed/feed.go:40.29,42.2 1 1
adammathes.com/neko/models/feed/feed.go:44.44,49.16 2 1
adammathes.com/neko/models/feed/feed.go:49.16,51.3 1 0
adammathes.com/neko/models/feed/feed.go:52.2,55.18 3 1
adammathes.com/neko/models/feed/feed.go:55.18,59.17 4 1
adammathes.com/neko/models/feed/feed.go:59.17,61.4 1 0
adammathes.com/neko/models/feed/feed.go:62.3,62.27 1 1
adammathes.com/neko/models/feed/feed.go:64.2,64.34 1 1
adammathes.com/neko/models/feed/feed.go:64.34,66.3 1 0
adammathes.com/neko/models/feed/feed.go:67.2,67.19 1 1
adammathes.com/neko/models/feed/feed.go:70.25,71.23 1 1
adammathes.com/neko/models/feed/feed.go:71.23,73.3 1 1
adammathes.com/neko/models/feed/feed.go:75.2,75.15 1 1
adammathes.com/neko/models/feed/feed.go:75.15,77.3 1 1
adammathes.com/neko/models/feed/feed.go:79.2,79.21 1 1
adammathes.com/neko/models/feed/feed.go:79.21,81.3 1 1
adammathes.com/neko/models/feed/feed.go:83.2,85.78 1 1
adammathes.com/neko/models/feed/feed.go:88.25,91.16 2 1
adammathes.com/neko/models/feed/feed.go:91.16,93.3 1 0
adammathes.com/neko/models/feed/feed.go:96.40,100.16 2 1
adammathes.com/neko/models/feed/feed.go:100.16,102.3 1 1
adammathes.com/neko/models/feed/feed.go:103.2,103.12 1 1
adammathes.com/neko/models/feed/feed.go:106.31,109.16 2 1
adammathes.com/neko/models/feed/feed.go:109.16,111.3 1 1
adammathes.com/neko/models/feed/feed.go:113.2,116.12 3 1
adammathes.com/neko/models/feed/feed.go:120.40,122.16 2 1
adammathes.com/neko/models/feed/feed.go:122.16,125.3 1 1
adammathes.com/neko/models/feed/feed.go:129.2,130.21 2 1
adammathes.com/neko/models/feed/feed.go:132.18,133.13 1 1
adammathes.com/neko/models/feed/feed.go:134.22,135.13 1 1
adammathes.com/neko/models/feed/feed.go:136.29,137.13 1 1
adammathes.com/neko/models/feed/feed.go:138.30,139.13 1 1
adammathes.com/neko/models/feed/feed.go:143.2,148.58 4 1
adammathes.com/neko/models/feed/feed.go:148.58,150.14 1 1
adammathes.com/neko/models/feed/feed.go:150.14,153.4 1 1
adammathes.com/neko/models/feed/feed.go:155.3,157.34 3 1
adammathes.com/neko/models/feed/feed.go:157.34,159.4 1 1
adammathes.com/neko/models/feed/feed.go:160.3,160.33 1 1
adammathes.com/neko/models/feed/feed.go:160.33,162.4 1 1
adammathes.com/neko/models/feed/feed.go:166.2,166.13 1 1
adammathes.com/neko/models/feed/feed.go:166.13,168.3 1 1
adammathes.com/neko/models/feed/feed.go:171.2,171.17 1 1
adammathes.com/neko/models/feed/feed.go:171.17,173.3 1 1
adammathes.com/neko/models/feed/feed.go:174.2,174.10 1 1
adammathes.com/neko/models/feed/feed.go:177.40,183.16 2 1
adammathes.com/neko/models/feed/feed.go:183.16,185.3 1 0
adammathes.com/neko/models/feed/feed.go:186.2,189.18 3 1
adammathes.com/neko/models/feed/feed.go:189.18,192.17 3 1
adammathes.com/neko/models/feed/feed.go:192.17,194.4 1 0
adammathes.com/neko/models/feed/feed.go:195.3,195.37 1 1
adammathes.com/neko/models/feed/feed.go:197.2,197.34 1 1
adammathes.com/neko/models/feed/feed.go:197.34,199.3 1 0
adammathes.com/neko/models/feed/feed.go:200.2,200.24 1 1
